<!-- Loading shared library : /opt/ilcsoft/v02-01-pre/MarlinDD4hep/v00-06/lib/libMarlinDD4hep.so.0.6.0 (libMarlinDD4hep.so)-->
<!-- Loading shared library : /opt/ilcsoft/v02-01-pre/DDMarlinPandora/v00-11/lib/libDDMarlinPandora.so.0.11.0 (libDDMarlinPandora.so)-->
<!-- Loading shared library : /opt/ilcsoft/v02-01-pre/MarlinReco/v01-26/lib/libMarlinReco.so.1.26.0 (libMarlinReco.so)-->
<!-- Loading shared library : /opt/ilcsoft/v02-01-pre/PandoraAnalysis/v02-00-01/lib/libPandoraAnalysis.so.2.0.1 (libPandoraAnalysis.so)-->
<!-- Loading shared library : /opt/ilcsoft/v02-01-pre/LCFIVertex/v00-08/lib/libLCFIVertexProcessors.so.0.8.0 (libLCFIVertexProcessors.so)-->
<!-- Loading shared library : /opt/ilcsoft/v02-01-pre/CEDViewer/v01-17/lib/libCEDViewer.so.1.17.0 (libCEDViewer.so)-->
<!-- Loading shared library : /opt/ilcsoft/v02-01-pre/Overlay/mc/lib/libOverlay.so.0.22.0 (libOverlay.so)-->
<!-- Loading shared library : /opt/ilcsoft/v02-01-pre/MarlinFastJet/v00-05-02/lib/libMarlinFastJet.so.0.5.2 (libMarlinFastJet.so)-->
<!-- Loading shared library : /opt/ilcsoft/v02-01-pre/LCTuple/v01-12mc/lib/libLCTuple.so.1.12.0 (libLCTuple.so)-->
<!-- Loading shared library : /opt/ilcsoft/v02-01-pre/MarlinKinfit/v00-06/lib/libMarlinKinfit.so.0.6.0 (libMarlinKinfit.so)-->
<!-- Loading shared library : /opt/ilcsoft/v02-01-pre/MarlinTrkProcessors/mc/lib/libMarlinTrkProcessors.so.2.11.0 (libMarlinTrkProcessors.so)-->
<!-- Loading shared library : /opt/ilcsoft/v02-01-pre/MarlinKinfitProcessors/v00-04-01/lib/libMarlinKinfitProcessors.so.0.4.1 (libMarlinKinfitProcessors.so)-->
<!-- Loading shared library : /opt/ilcsoft/v02-01-pre/ILDPerformance/v01-07/lib/libILDPerformance.so.1.7.0 (libILDPerformance.so)-->
<!-- Loading shared library : /opt/ilcsoft/v02-01-pre/ClicPerformance/HEAD/lib/libClicPerformance.so.2.3.0 (libClicPerformance.so)-->
<!-- Loading shared library : /opt/ilcsoft/v02-01-pre/Clupatra/v01-03/lib/libClupatra.so.1.3.0 (libClupatra.so)-->
<!-- Loading shared library : /opt/ilcsoft/v02-01-pre/Physsim/v00-04-01/lib/libPhyssim.so.0.4.1 (libPhyssim.so)-->
<!-- Loading shared library : /opt/ilcsoft/v02-01-pre/LCFIPlus/v00-08/lib/libLCFIPlus.so.0.8.0 (libLCFIPlus.so)-->
<!-- Loading shared library : /opt/ilcsoft/v02-01-pre/FCalClusterer/v01-00-01/lib/libFCalClusterer.so (libFCalClusterer.so)-->
<!-- Loading shared library : /opt/ilcsoft/v02-01-pre/ForwardTracking/v01-14/lib/libForwardTracking.so.1.14.0 (libForwardTracking.so)-->
<!-- Loading shared library : /opt/ilcsoft/v02-01-pre/ConformalTracking/v01-10/lib/libConformalTracking.so.1.10.0 (libConformalTracking.so)-->
<!-- Loading shared library : /opt/ilcsoft/v02-01-pre/LICH/v00-01/lib/libLICH.so.0.1.0 (libLICH.so)-->
<!-- Loading shared library : /opt/ilcsoft/v02-01-pre/Garlic/v03-01/lib/libGarlic.so.3.1.0 (libGarlic.so)-->
<!-- Loading shared library : /opt/ilcsoft/v02-01-pre/MuonCVXDDigitiser/lib/libMuonCVXDDigitiser.so.0.1.0 (libMuonCVXDDigitiser.so)-->

